  소스.c
C:\Users\kohbw\Desktop\ideal gas equation of state calculator\ideal gas equation of state calculator\소스.c(30,1): warning C4996:  'scanf': This function or variable may be unsafe. Consider using scanf_s instead. To disable deprecation, use _CRT_SECURE_NO_WARNINGS. See online help for details.
C:\Program Files (x86)\Windows Kits\10\Include\10.0.17763.0\ucrt\stdio.h(1274): message :  'scanf' 선언을 참조하십시오.
C:\Users\kohbw\Desktop\ideal gas equation of state calculator\ideal gas equation of state calculator\소스.c(33,1): warning C4996:  'scanf': This function or variable may be unsafe. Consider using scanf_s instead. To disable deprecation, use _CRT_SECURE_NO_WARNINGS. See online help for details.
C:\Program Files (x86)\Windows Kits\10\Include\10.0.17763.0\ucrt\stdio.h(1274): message :  'scanf' 선언을 참조하십시오.
C:\Users\kohbw\Desktop\ideal gas equation of state calculator\ideal gas equation of state calculator\소스.c(48,1): warning C4996:  'scanf': This function or variable may be unsafe. Consider using scanf_s instead. To disable deprecation, use _CRT_SECURE_NO_WARNINGS. See online help for details.
C:\Program Files (x86)\Windows Kits\10\Include\10.0.17763.0\ucrt\stdio.h(1274): message :  'scanf' 선언을 참조하십시오.
C:\Users\kohbw\Desktop\ideal gas equation of state calculator\ideal gas equation of state calculator\소스.c(70,10): warning C4098:  'P_calculator': 'void' 함수에서 값을 반환하고 있습니다.
C:\Users\kohbw\Desktop\ideal gas equation of state calculator\ideal gas equation of state calculator\소스.c(61,1): warning C4996:  'scanf': This function or variable may be unsafe. Consider using scanf_s instead. To disable deprecation, use _CRT_SECURE_NO_WARNINGS. See online help for details.
C:\Program Files (x86)\Windows Kits\10\Include\10.0.17763.0\ucrt\stdio.h(1274): message :  'scanf' 선언을 참조하십시오.
C:\Users\kohbw\Desktop\ideal gas equation of state calculator\ideal gas equation of state calculator\소스.c(63,1): warning C4996:  'scanf': This function or variable may be unsafe. Consider using scanf_s instead. To disable deprecation, use _CRT_SECURE_NO_WARNINGS. See online help for details.
C:\Program Files (x86)\Windows Kits\10\Include\10.0.17763.0\ucrt\stdio.h(1274): message :  'scanf' 선언을 참조하십시오.
C:\Users\kohbw\Desktop\ideal gas equation of state calculator\ideal gas equation of state calculator\소스.c(65,1): warning C4996:  'scanf': This function or variable may be unsafe. Consider using scanf_s instead. To disable deprecation, use _CRT_SECURE_NO_WARNINGS. See online help for details.
C:\Program Files (x86)\Windows Kits\10\Include\10.0.17763.0\ucrt\stdio.h(1274): message :  'scanf' 선언을 참조하십시오.
C:\Users\kohbw\Desktop\ideal gas equation of state calculator\ideal gas equation of state calculator\소스.c(85,10): warning C4098:  'V_calculator': 'void' 함수에서 값을 반환하고 있습니다.
C:\Users\kohbw\Desktop\ideal gas equation of state calculator\ideal gas equation of state calculator\소스.c(76,1): warning C4996:  'scanf': This function or variable may be unsafe. Consider using scanf_s instead. To disable deprecation, use _CRT_SECURE_NO_WARNINGS. See online help for details.
C:\Program Files (x86)\Windows Kits\10\Include\10.0.17763.0\ucrt\stdio.h(1274): message :  'scanf' 선언을 참조하십시오.
C:\Users\kohbw\Desktop\ideal gas equation of state calculator\ideal gas equation of state calculator\소스.c(78,1): warning C4996:  'scanf': This function or variable may be unsafe. Consider using scanf_s instead. To disable deprecation, use _CRT_SECURE_NO_WARNINGS. See online help for details.
C:\Program Files (x86)\Windows Kits\10\Include\10.0.17763.0\ucrt\stdio.h(1274): message :  'scanf' 선언을 참조하십시오.
C:\Users\kohbw\Desktop\ideal gas equation of state calculator\ideal gas equation of state calculator\소스.c(80,1): warning C4996:  'scanf': This function or variable may be unsafe. Consider using scanf_s instead. To disable deprecation, use _CRT_SECURE_NO_WARNINGS. See online help for details.
C:\Program Files (x86)\Windows Kits\10\Include\10.0.17763.0\ucrt\stdio.h(1274): message :  'scanf' 선언을 참조하십시오.
C:\Users\kohbw\Desktop\ideal gas equation of state calculator\ideal gas equation of state calculator\소스.c(100,10): warning C4098:  'n_calculator': 'void' 함수에서 값을 반환하고 있습니다.
C:\Users\kohbw\Desktop\ideal gas equation of state calculator\ideal gas equation of state calculator\소스.c(91,1): warning C4996:  'scanf': This function or variable may be unsafe. Consider using scanf_s instead. To disable deprecation, use _CRT_SECURE_NO_WARNINGS. See online help for details.
C:\Program Files (x86)\Windows Kits\10\Include\10.0.17763.0\ucrt\stdio.h(1274): message :  'scanf' 선언을 참조하십시오.
C:\Users\kohbw\Desktop\ideal gas equation of state calculator\ideal gas equation of state calculator\소스.c(93,1): warning C4996:  'scanf': This function or variable may be unsafe. Consider using scanf_s instead. To disable deprecation, use _CRT_SECURE_NO_WARNINGS. See online help for details.
C:\Program Files (x86)\Windows Kits\10\Include\10.0.17763.0\ucrt\stdio.h(1274): message :  'scanf' 선언을 참조하십시오.
C:\Users\kohbw\Desktop\ideal gas equation of state calculator\ideal gas equation of state calculator\소스.c(95,1): warning C4996:  'scanf': This function or variable may be unsafe. Consider using scanf_s instead. To disable deprecation, use _CRT_SECURE_NO_WARNINGS. See online help for details.
C:\Program Files (x86)\Windows Kits\10\Include\10.0.17763.0\ucrt\stdio.h(1274): message :  'scanf' 선언을 참조하십시오.
C:\Users\kohbw\Desktop\ideal gas equation of state calculator\ideal gas equation of state calculator\소스.c(114,10): warning C4098:  'T_calculator': 'void' 함수에서 값을 반환하고 있습니다.
C:\Users\kohbw\Desktop\ideal gas equation of state calculator\ideal gas equation of state calculator\소스.c(106,1): warning C4996:  'scanf': This function or variable may be unsafe. Consider using scanf_s instead. To disable deprecation, use _CRT_SECURE_NO_WARNINGS. See online help for details.
C:\Program Files (x86)\Windows Kits\10\Include\10.0.17763.0\ucrt\stdio.h(1274): message :  'scanf' 선언을 참조하십시오.
C:\Users\kohbw\Desktop\ideal gas equation of state calculator\ideal gas equation of state calculator\소스.c(108,1): warning C4996:  'scanf': This function or variable may be unsafe. Consider using scanf_s instead. To disable deprecation, use _CRT_SECURE_NO_WARNINGS. See online help for details.
C:\Program Files (x86)\Windows Kits\10\Include\10.0.17763.0\ucrt\stdio.h(1274): message :  'scanf' 선언을 참조하십시오.
C:\Users\kohbw\Desktop\ideal gas equation of state calculator\ideal gas equation of state calculator\소스.c(110,1): warning C4996:  'scanf': This function or variable may be unsafe. Consider using scanf_s instead. To disable deprecation, use _CRT_SECURE_NO_WARNINGS. See online help for details.
C:\Program Files (x86)\Windows Kits\10\Include\10.0.17763.0\ucrt\stdio.h(1274): message :  'scanf' 선언을 참조하십시오.
C:\Users\kohbw\Desktop\ideal gas equation of state calculator\ideal gas equation of state calculator\소스.c(131,10): warning C4098:  'R_calculator': 'void' 함수에서 값을 반환하고 있습니다.
C:\Users\kohbw\Desktop\ideal gas equation of state calculator\ideal gas equation of state calculator\소스.c(120,1): warning C4996:  'scanf': This function or variable may be unsafe. Consider using scanf_s instead. To disable deprecation, use _CRT_SECURE_NO_WARNINGS. See online help for details.
C:\Program Files (x86)\Windows Kits\10\Include\10.0.17763.0\ucrt\stdio.h(1274): message :  'scanf' 선언을 참조하십시오.
C:\Users\kohbw\Desktop\ideal gas equation of state calculator\ideal gas equation of state calculator\소스.c(122,1): warning C4996:  'scanf': This function or variable may be unsafe. Consider using scanf_s instead. To disable deprecation, use _CRT_SECURE_NO_WARNINGS. See online help for details.
C:\Program Files (x86)\Windows Kits\10\Include\10.0.17763.0\ucrt\stdio.h(1274): message :  'scanf' 선언을 참조하십시오.
C:\Users\kohbw\Desktop\ideal gas equation of state calculator\ideal gas equation of state calculator\소스.c(124,1): warning C4996:  'scanf': This function or variable may be unsafe. Consider using scanf_s instead. To disable deprecation, use _CRT_SECURE_NO_WARNINGS. See online help for details.
C:\Program Files (x86)\Windows Kits\10\Include\10.0.17763.0\ucrt\stdio.h(1274): message :  'scanf' 선언을 참조하십시오.
C:\Users\kohbw\Desktop\ideal gas equation of state calculator\ideal gas equation of state calculator\소스.c(126,1): warning C4996:  'scanf': This function or variable may be unsafe. Consider using scanf_s instead. To disable deprecation, use _CRT_SECURE_NO_WARNINGS. See online help for details.
C:\Program Files (x86)\Windows Kits\10\Include\10.0.17763.0\ucrt\stdio.h(1274): message :  'scanf' 선언을 참조하십시오.
  코드를 생성하고 있습니다.
  0 of 12 functions ( 0.0%) were compiled, the rest were copied from previous compilation.
    0 functions were new in current compilation
    0 functions had inline decision re-evaluated but remain unchanged
  코드를 생성했습니다.
  ideal gas equation of state calculator.vcxproj -> C:\Users\kohbw\Desktop\ideal gas equation of state calculator\x64\Release\ideal gas equation of state calculator.exe
