  소스.c
C:\Users\kohbw\Desktop\ideal gas equation of state calculator\ideal gas equation of state calculator\소스.c(20,10): warning C4098:  'P_calculator': 'void' 함수에서 값을 반환하고 있습니다.
C:\Users\kohbw\Desktop\ideal gas equation of state calculator\ideal gas equation of state calculator\소스.c(11,1): warning C4996:  'scanf': This function or variable may be unsafe. Consider using scanf_s instead. To disable deprecation, use _CRT_SECURE_NO_WARNINGS. See online help for details.
C:\Program Files (x86)\Windows Kits\10\Include\10.0.17763.0\ucrt\stdio.h(1274): message :  'scanf' 선언을 참조하십시오.
C:\Users\kohbw\Desktop\ideal gas equation of state calculator\ideal gas equation of state calculator\소스.c(13,1): warning C4996:  'scanf': This function or variable may be unsafe. Consider using scanf_s instead. To disable deprecation, use _CRT_SECURE_NO_WARNINGS. See online help for details.
C:\Program Files (x86)\Windows Kits\10\Include\10.0.17763.0\ucrt\stdio.h(1274): message :  'scanf' 선언을 참조하십시오.
C:\Users\kohbw\Desktop\ideal gas equation of state calculator\ideal gas equation of state calculator\소스.c(15,1): warning C4996:  'scanf': This function or variable may be unsafe. Consider using scanf_s instead. To disable deprecation, use _CRT_SECURE_NO_WARNINGS. See online help for details.
C:\Program Files (x86)\Windows Kits\10\Include\10.0.17763.0\ucrt\stdio.h(1274): message :  'scanf' 선언을 참조하십시오.
C:\Users\kohbw\Desktop\ideal gas equation of state calculator\ideal gas equation of state calculator\소스.c(36,10): warning C4098:  'V_calculator': 'void' 함수에서 값을 반환하고 있습니다.
C:\Users\kohbw\Desktop\ideal gas equation of state calculator\ideal gas equation of state calculator\소스.c(27,1): warning C4996:  'scanf': This function or variable may be unsafe. Consider using scanf_s instead. To disable deprecation, use _CRT_SECURE_NO_WARNINGS. See online help for details.
C:\Program Files (x86)\Windows Kits\10\Include\10.0.17763.0\ucrt\stdio.h(1274): message :  'scanf' 선언을 참조하십시오.
C:\Users\kohbw\Desktop\ideal gas equation of state calculator\ideal gas equation of state calculator\소스.c(29,1): warning C4996:  'scanf': This function or variable may be unsafe. Consider using scanf_s instead. To disable deprecation, use _CRT_SECURE_NO_WARNINGS. See online help for details.
C:\Program Files (x86)\Windows Kits\10\Include\10.0.17763.0\ucrt\stdio.h(1274): message :  'scanf' 선언을 참조하십시오.
C:\Users\kohbw\Desktop\ideal gas equation of state calculator\ideal gas equation of state calculator\소스.c(31,1): warning C4996:  'scanf': This function or variable may be unsafe. Consider using scanf_s instead. To disable deprecation, use _CRT_SECURE_NO_WARNINGS. See online help for details.
C:\Program Files (x86)\Windows Kits\10\Include\10.0.17763.0\ucrt\stdio.h(1274): message :  'scanf' 선언을 참조하십시오.
C:\Users\kohbw\Desktop\ideal gas equation of state calculator\ideal gas equation of state calculator\소스.c(52,10): warning C4098:  'n_calculator': 'void' 함수에서 값을 반환하고 있습니다.
C:\Users\kohbw\Desktop\ideal gas equation of state calculator\ideal gas equation of state calculator\소스.c(43,1): warning C4996:  'scanf': This function or variable may be unsafe. Consider using scanf_s instead. To disable deprecation, use _CRT_SECURE_NO_WARNINGS. See online help for details.
C:\Program Files (x86)\Windows Kits\10\Include\10.0.17763.0\ucrt\stdio.h(1274): message :  'scanf' 선언을 참조하십시오.
C:\Users\kohbw\Desktop\ideal gas equation of state calculator\ideal gas equation of state calculator\소스.c(45,1): warning C4996:  'scanf': This function or variable may be unsafe. Consider using scanf_s instead. To disable deprecation, use _CRT_SECURE_NO_WARNINGS. See online help for details.
C:\Program Files (x86)\Windows Kits\10\Include\10.0.17763.0\ucrt\stdio.h(1274): message :  'scanf' 선언을 참조하십시오.
C:\Users\kohbw\Desktop\ideal gas equation of state calculator\ideal gas equation of state calculator\소스.c(47,1): warning C4996:  'scanf': This function or variable may be unsafe. Consider using scanf_s instead. To disable deprecation, use _CRT_SECURE_NO_WARNINGS. See online help for details.
C:\Program Files (x86)\Windows Kits\10\Include\10.0.17763.0\ucrt\stdio.h(1274): message :  'scanf' 선언을 참조하십시오.
C:\Users\kohbw\Desktop\ideal gas equation of state calculator\ideal gas equation of state calculator\소스.c(67,10): warning C4098:  'T_calculator': 'void' 함수에서 값을 반환하고 있습니다.
C:\Users\kohbw\Desktop\ideal gas equation of state calculator\ideal gas equation of state calculator\소스.c(59,1): warning C4996:  'scanf': This function or variable may be unsafe. Consider using scanf_s instead. To disable deprecation, use _CRT_SECURE_NO_WARNINGS. See online help for details.
C:\Program Files (x86)\Windows Kits\10\Include\10.0.17763.0\ucrt\stdio.h(1274): message :  'scanf' 선언을 참조하십시오.
C:\Users\kohbw\Desktop\ideal gas equation of state calculator\ideal gas equation of state calculator\소스.c(61,1): warning C4996:  'scanf': This function or variable may be unsafe. Consider using scanf_s instead. To disable deprecation, use _CRT_SECURE_NO_WARNINGS. See online help for details.
C:\Program Files (x86)\Windows Kits\10\Include\10.0.17763.0\ucrt\stdio.h(1274): message :  'scanf' 선언을 참조하십시오.
C:\Users\kohbw\Desktop\ideal gas equation of state calculator\ideal gas equation of state calculator\소스.c(63,1): warning C4996:  'scanf': This function or variable may be unsafe. Consider using scanf_s instead. To disable deprecation, use _CRT_SECURE_NO_WARNINGS. See online help for details.
C:\Program Files (x86)\Windows Kits\10\Include\10.0.17763.0\ucrt\stdio.h(1274): message :  'scanf' 선언을 참조하십시오.
C:\Users\kohbw\Desktop\ideal gas equation of state calculator\ideal gas equation of state calculator\소스.c(85,10): warning C4098:  'R_calculator': 'void' 함수에서 값을 반환하고 있습니다.
C:\Users\kohbw\Desktop\ideal gas equation of state calculator\ideal gas equation of state calculator\소스.c(74,1): warning C4996:  'scanf': This function or variable may be unsafe. Consider using scanf_s instead. To disable deprecation, use _CRT_SECURE_NO_WARNINGS. See online help for details.
C:\Program Files (x86)\Windows Kits\10\Include\10.0.17763.0\ucrt\stdio.h(1274): message :  'scanf' 선언을 참조하십시오.
C:\Users\kohbw\Desktop\ideal gas equation of state calculator\ideal gas equation of state calculator\소스.c(76,1): warning C4996:  'scanf': This function or variable may be unsafe. Consider using scanf_s instead. To disable deprecation, use _CRT_SECURE_NO_WARNINGS. See online help for details.
C:\Program Files (x86)\Windows Kits\10\Include\10.0.17763.0\ucrt\stdio.h(1274): message :  'scanf' 선언을 참조하십시오.
C:\Users\kohbw\Desktop\ideal gas equation of state calculator\ideal gas equation of state calculator\소스.c(78,1): warning C4996:  'scanf': This function or variable may be unsafe. Consider using scanf_s instead. To disable deprecation, use _CRT_SECURE_NO_WARNINGS. See online help for details.
C:\Program Files (x86)\Windows Kits\10\Include\10.0.17763.0\ucrt\stdio.h(1274): message :  'scanf' 선언을 참조하십시오.
C:\Users\kohbw\Desktop\ideal gas equation of state calculator\ideal gas equation of state calculator\소스.c(80,1): warning C4996:  'scanf': This function or variable may be unsafe. Consider using scanf_s instead. To disable deprecation, use _CRT_SECURE_NO_WARNINGS. See online help for details.
C:\Program Files (x86)\Windows Kits\10\Include\10.0.17763.0\ucrt\stdio.h(1274): message :  'scanf' 선언을 참조하십시오.
C:\Users\kohbw\Desktop\ideal gas equation of state calculator\ideal gas equation of state calculator\소스.c(109,1): warning C4996:  'scanf': This function or variable may be unsafe. Consider using scanf_s instead. To disable deprecation, use _CRT_SECURE_NO_WARNINGS. See online help for details.
C:\Program Files (x86)\Windows Kits\10\Include\10.0.17763.0\ucrt\stdio.h(1274): message :  'scanf' 선언을 참조하십시오.
C:\Users\kohbw\Desktop\ideal gas equation of state calculator\ideal gas equation of state calculator\소스.c(112,1): warning C4996:  'scanf': This function or variable may be unsafe. Consider using scanf_s instead. To disable deprecation, use _CRT_SECURE_NO_WARNINGS. See online help for details.
C:\Program Files (x86)\Windows Kits\10\Include\10.0.17763.0\ucrt\stdio.h(1274): message :  'scanf' 선언을 참조하십시오.
C:\Users\kohbw\Desktop\ideal gas equation of state calculator\ideal gas equation of state calculator\소스.c(127,1): warning C4996:  'scanf': This function or variable may be unsafe. Consider using scanf_s instead. To disable deprecation, use _CRT_SECURE_NO_WARNINGS. See online help for details.
C:\Program Files (x86)\Windows Kits\10\Include\10.0.17763.0\ucrt\stdio.h(1274): message :  'scanf' 선언을 참조하십시오.
  ideal gas equation of state calculator.vcxproj -> C:\Users\kohbw\Desktop\ideal gas equation of state calculator\x64\Debug\ideal gas equation of state calculator.exe
